<?xml version="1.0" encoding="UTF-8"?>
<!-- Generated by org.testng.reporters.JUnitReportReporter -->
<testsuite skipped="0" hostname="Samiksha" name="com.testCases.PIM" tests="1" failures="0" timestamp="30 Sep 2021 09:47:23 GMT" time="9.586" errors="0">
  <testcase name="login" time="9.586" classname="com.testCases.PIM"/>
</testsuite> <!-- com.testCases.PIM -->
