<?xml version="1.0" encoding="UTF-8"?>
<!-- Generated by org.testng.reporters.JUnitReportReporter -->
<testsuite skipped="0" hostname="Samiksha" name="com.testCases.Recruitment" tests="1" failures="0" timestamp="30 Sep 2021 09:57:08 GMT" time="8.287" errors="0">
  <testcase name="login" time="8.287" classname="com.testCases.Recruitment"/>
</testsuite> <!-- com.testCases.Recruitment -->
