<?xml version="1.0" encoding="UTF-8"?>
<!-- Generated by org.testng.reporters.JUnitReportReporter -->
<testsuite skipped="0" hostname="Samiksha" name="com.testCases.AdminPage" tests="1" failures="0" timestamp="30 Sep 2021 08:35:19 GMT" time="6.561" errors="0">
  <testcase name="login" time="6.561" classname="com.testCases.AdminPage"/>
</testsuite> <!-- com.testCases.AdminPage -->
